<?xml version="1.0" encoding="UTF-8"?>
<coverage generated="1778884178">
  <project timestamp="1778884178" name="Clover Coverage">
    <package name="App\Http\Controllers">
      <file name="C:\Users\user\PhpstormProjects\ochumelye-ruchki\app\Http\Controllers\AuthController.php">
        <class name="App\Http\Controllers\AuthController" namespace="App\Http\Controllers">
          <metrics complexity="10" methods="6" coveredmethods="4" conditionals="0" coveredconditionals="0" statements="46" coveredstatements="44" elements="52" coveredelements="48"/>
        </class>
        <line num="14" type="method" name="showLogin" visibility="public" complexity="2" crap="2.15" count="1"/>
        <line num="16" type="stmt" count="1"/>
        <line num="17" type="stmt" count="0"/>
        <line num="20" type="stmt" count="1"/>
        <line num="23" type="method" name="login" visibility="public" complexity="2" crap="2" count="2"/>
        <line num="25" type="stmt" count="2"/>
        <line num="26" type="stmt" count="2"/>
        <line num="27" type="stmt" count="2"/>
        <line num="28" type="stmt" count="2"/>
        <line num="30" type="stmt" count="2"/>
        <line num="31" type="stmt" count="1"/>
        <line num="32" type="stmt" count="1"/>
        <line num="33" type="stmt" count="1"/>
        <line num="36" type="stmt" count="1"/>
        <line num="38" type="stmt" count="1"/>
        <line num="41" type="method" name="showRegister" visibility="public" complexity="2" crap="2.15" count="1"/>
        <line num="43" type="stmt" count="1"/>
        <line num="44" type="stmt" count="0"/>
        <line num="47" type="stmt" count="1"/>
        <line num="50" type="method" name="register" visibility="public" complexity="1" crap="1" count="1"/>
        <line num="52" type="stmt" count="1"/>
        <line num="53" type="stmt" count="1"/>
        <line num="54" type="stmt" count="1"/>
        <line num="55" type="stmt" count="1"/>
        <line num="56" type="stmt" count="1"/>
        <line num="57" type="stmt" count="1"/>
        <line num="58" type="stmt" count="1"/>
        <line num="59" type="stmt" count="1"/>
        <line num="61" type="stmt" count="1"/>
        <line num="62" type="stmt" count="1"/>
        <line num="63" type="stmt" count="1"/>
        <line num="64" type="stmt" count="1"/>
        <line num="65" type="stmt" count="1"/>
        <line num="66" type="stmt" count="1"/>
        <line num="67" type="stmt" count="1"/>
        <line num="69" type="stmt" count="1"/>
        <line num="70" type="stmt" count="1"/>
        <line num="72" type="stmt" count="1"/>
        <line num="73" type="stmt" count="1"/>
        <line num="74" type="stmt" count="1"/>
        <line num="77" type="method" name="logout" visibility="public" complexity="1" crap="1" count="1"/>
        <line num="79" type="stmt" count="1"/>
        <line num="81" type="stmt" count="1"/>
        <line num="82" type="stmt" count="1"/>
        <line num="84" type="stmt" count="1"/>
        <line num="85" type="stmt" count="1"/>
        <line num="86" type="stmt" count="1"/>
        <line num="89" type="method" name="redirectAfterLogin" visibility="private" complexity="2" crap="2" count="1"/>
        <line num="91" type="stmt" count="1"/>
        <line num="93" type="stmt" count="1"/>
        <line num="94" type="stmt" count="1"/>
        <line num="95" type="stmt" count="1"/>
        <metrics loc="98" ncloc="98" classes="1" methods="6" coveredmethods="4" conditionals="0" coveredconditionals="0" statements="46" coveredstatements="44" elements="52" coveredelements="48"/>
      </file>
      <file name="C:\Users\user\PhpstormProjects\ochumelye-ruchki\app\Http\Controllers\Controller.php">
        <class name="App\Http\Controllers\Controller" namespace="App\Http\Controllers">
          <metrics complexity="0" methods="0" coveredmethods="0" conditionals="0" coveredconditionals="0" statements="0" coveredstatements="0" elements="0" coveredelements="0"/>
        </class>
        <metrics loc="9" ncloc="8" classes="0" methods="0" coveredmethods="0" conditionals="0" coveredconditionals="0" statements="0" coveredstatements="0" elements="0" coveredelements="0"/>
      </file>
      <file name="C:\Users\user\PhpstormProjects\ochumelye-ruchki\app\Http\Controllers\CreativityTypeController.php">
        <class name="App\Http\Controllers\CreativityTypeController" namespace="App\Http\Controllers">
          <metrics complexity="2" methods="1" coveredmethods="1" conditionals="0" coveredconditionals="0" statements="26" coveredstatements="26" elements="27" coveredelements="27"/>
        </class>
        <line num="11" type="method" name="show" visibility="public" complexity="2" crap="2" count="1"/>
        <line num="13" type="stmt" count="1"/>
        <line num="14" type="stmt" count="1"/>
        <line num="15" type="stmt" count="1"/>
        <line num="16" type="stmt" count="1"/>
        <line num="17" type="stmt" count="1"/>
        <line num="18" type="stmt" count="1"/>
        <line num="20" type="stmt" count="1"/>
        <line num="21" type="stmt" count="1"/>
        <line num="23" type="stmt" count="1"/>
        <line num="24" type="stmt" count="1"/>
        <line num="25" type="stmt" count="1"/>
        <line num="26" type="stmt" count="1"/>
        <line num="27" type="stmt" count="1"/>
        <line num="29" type="stmt" count="1"/>
        <line num="30" type="stmt" count="1"/>
        <line num="31" type="stmt" count="1"/>
        <line num="32" type="stmt" count="1"/>
        <line num="33" type="stmt" count="1"/>
        <line num="34" type="stmt" count="1"/>
        <line num="35" type="stmt" count="1"/>
        <line num="38" type="stmt" count="1"/>
        <line num="39" type="stmt" count="1"/>
        <line num="40" type="stmt" count="1"/>
        <line num="41" type="stmt" count="1"/>
        <line num="42" type="stmt" count="1"/>
        <line num="43" type="stmt" count="1"/>
        <metrics loc="46" ncloc="46" classes="1" methods="1" coveredmethods="1" conditionals="0" coveredconditionals="0" statements="26" coveredstatements="26" elements="27" coveredelements="27"/>
      </file>
      <file name="C:\Users\user\PhpstormProjects\ochumelye-ruchki\app\Http\Controllers\EnrollmentController.php">
        <class name="App\Http\Controllers\EnrollmentController" namespace="App\Http\Controllers">
          <metrics complexity="15" methods="4" coveredmethods="1" conditionals="0" coveredconditionals="0" statements="62" coveredstatements="45" elements="66" coveredelements="46"/>
        </class>
        <line num="16" type="method" name="create" visibility="public" complexity="2" crap="2.06" count="1"/>
        <line num="18" type="stmt" count="1"/>
        <line num="19" type="stmt" count="0"/>
        <line num="22" type="stmt" count="1"/>
        <line num="24" type="stmt" count="1"/>
        <line num="27" type="method" name="store" visibility="public" complexity="6" crap="8.43" count="5"/>
        <line num="29" type="stmt" count="5"/>
        <line num="30" type="stmt" count="3"/>
        <line num="34" type="stmt" count="1"/>
        <line num="35" type="stmt" count="1"/>
        <line num="36" type="stmt" count="1"/>
        <line num="37" type="stmt" count="1"/>
        <line num="38" type="stmt" count="1"/>
        <line num="40" type="stmt" count="1"/>
        <line num="41" type="stmt" count="0"/>
        <line num="44" type="stmt" count="1"/>
        <line num="45" type="stmt" count="1"/>
        <line num="46" type="stmt" count="1"/>
        <line num="47" type="stmt" count="1"/>
        <line num="48" type="stmt" count="1"/>
        <line num="49" type="stmt" count="0"/>
        <line num="50" type="stmt" count="0"/>
        <line num="51" type="stmt" count="0"/>
        <line num="52" type="stmt" count="0"/>
        <line num="53" type="stmt" count="0"/>
        <line num="54" type="stmt" count="0"/>
        <line num="55" type="stmt" count="0"/>
        <line num="56" type="stmt" count="0"/>
        <line num="57" type="stmt" count="0"/>
        <line num="60" type="stmt" count="0"/>
        <line num="63" type="stmt" count="1"/>
        <line num="64" type="stmt" count="1"/>
        <line num="65" type="stmt" count="1"/>
        <line num="68" type="method" name="cancel" visibility="public" complexity="2" crap="6" count="0"/>
        <line num="70" type="stmt" count="0"/>
        <line num="71" type="stmt" count="0"/>
        <line num="74" type="stmt" count="0"/>
        <line num="75" type="stmt" count="0"/>
        <line num="76" type="stmt" count="0"/>
        <line num="79" type="method" name="validateEnrollmentAccess" visibility="private" complexity="5" crap="5" count="5"/>
        <line num="81" type="stmt" count="5"/>
        <line num="83" type="stmt" count="5"/>
        <line num="84" type="stmt" count="1"/>
        <line num="87" type="stmt" count="4"/>
        <line num="88" type="stmt" count="1"/>
        <line num="89" type="stmt" count="1"/>
        <line num="90" type="stmt" count="1"/>
        <line num="93" type="stmt" count="3"/>
        <line num="94" type="stmt" count="3"/>
        <line num="95" type="stmt" count="3"/>
        <line num="97" type="stmt" count="3"/>
        <line num="98" type="stmt" count="1"/>
        <line num="99" type="stmt" count="1"/>
        <line num="100" type="stmt" count="1"/>
        <line num="103" type="stmt" count="2"/>
        <line num="104" type="stmt" count="2"/>
        <line num="105" type="stmt" count="2"/>
        <line num="106" type="stmt" count="2"/>
        <line num="107" type="stmt" count="2"/>
        <line num="108" type="stmt" count="2"/>
        <line num="109" type="stmt" count="2"/>
        <line num="111" type="stmt" count="2"/>
        <line num="112" type="stmt" count="1"/>
        <line num="113" type="stmt" count="1"/>
        <line num="114" type="stmt" count="1"/>
        <line num="117" type="stmt" count="1"/>
        <metrics loc="120" ncloc="120" classes="1" methods="4" coveredmethods="1" conditionals="0" coveredconditionals="0" statements="62" coveredstatements="45" elements="66" coveredelements="46"/>
      </file>
      <file name="C:\Users\user\PhpstormProjects\ochumelye-ruchki\app\Http\Controllers\HomeController.php">
        <class name="App\Http\Controllers\HomeController" namespace="App\Http\Controllers">
          <metrics complexity="2" methods="1" coveredmethods="1" conditionals="0" coveredconditionals="0" statements="12" coveredstatements="12" elements="13" coveredelements="13"/>
        </class>
        <line num="11" type="method" name="index" visibility="public" complexity="2" crap="2" count="1"/>
        <line num="13" type="stmt" count="1"/>
        <line num="14" type="stmt" count="1"/>
        <line num="15" type="stmt" count="1"/>
        <line num="16" type="stmt" count="1"/>
        <line num="18" type="stmt" count="1"/>
        <line num="20" type="stmt" count="1"/>
        <line num="21" type="stmt" count="1"/>
        <line num="22" type="stmt" count="1"/>
        <line num="23" type="stmt" count="1"/>
        <line num="24" type="stmt" count="1"/>
        <line num="25" type="stmt" count="1"/>
        <line num="28" type="stmt" count="1"/>
        <metrics loc="31" ncloc="31" classes="1" methods="1" coveredmethods="1" conditionals="0" coveredconditionals="0" statements="12" coveredstatements="12" elements="13" coveredelements="13"/>
      </file>
      <file name="C:\Users\user\PhpstormProjects\ochumelye-ruchki\app\Http\Controllers\MasterClassController.php">
        <class name="App\Http\Controllers\MasterClassController" namespace="App\Http\Controllers">
          <metrics complexity="5" methods="5" coveredmethods="2" conditionals="0" coveredconditionals="0" statements="64" coveredstatements="44" elements="69" coveredelements="46"/>
        </class>
        <line num="16" type="method" name="create" visibility="public" complexity="1" crap="2" count="0"/>
        <line num="18" type="stmt" count="0"/>
        <line num="19" type="stmt" count="0"/>
        <line num="21" type="stmt" count="0"/>
        <line num="22" type="stmt" count="0"/>
        <line num="23" type="stmt" count="0"/>
        <line num="24" type="stmt" count="0"/>
        <line num="25" type="stmt" count="0"/>
        <line num="28" type="method" name="store" visibility="public" complexity="1" crap="1" count="2"/>
        <line num="30" type="stmt" count="2"/>
        <line num="31" type="stmt" count="2"/>
        <line num="32" type="stmt" count="2"/>
        <line num="34" type="stmt" count="2"/>
        <line num="35" type="stmt" count="2"/>
        <line num="36" type="stmt" count="2"/>
        <line num="37" type="stmt" count="2"/>
        <line num="38" type="stmt" count="2"/>
        <line num="39" type="stmt" count="2"/>
        <line num="40" type="stmt" count="2"/>
        <line num="41" type="stmt" count="2"/>
        <line num="42" type="stmt" count="2"/>
        <line num="43" type="stmt" count="2"/>
        <line num="44" type="stmt" count="2"/>
        <line num="45" type="stmt" count="2"/>
        <line num="46" type="stmt" count="2"/>
        <line num="47" type="stmt" count="2"/>
        <line num="48" type="stmt" count="2"/>
        <line num="49" type="stmt" count="2"/>
        <line num="50" type="stmt" count="2"/>
        <line num="51" type="stmt" count="2"/>
        <line num="52" type="stmt" count="2"/>
        <line num="54" type="stmt" count="1"/>
        <line num="55" type="stmt" count="1"/>
        <line num="56" type="stmt" count="1"/>
        <line num="57" type="stmt" count="1"/>
        <line num="58" type="stmt" count="1"/>
        <line num="59" type="stmt" count="1"/>
        <line num="60" type="stmt" count="1"/>
        <line num="61" type="stmt" count="1"/>
        <line num="62" type="stmt" count="1"/>
        <line num="63" type="stmt" count="1"/>
        <line num="65" type="stmt" count="1"/>
        <line num="66" type="stmt" count="1"/>
        <line num="67" type="stmt" count="1"/>
        <line num="70" type="method" name="edit" visibility="public" complexity="1" crap="2" count="0"/>
        <line num="72" type="stmt" count="0"/>
        <line num="74" type="stmt" count="0"/>
        <line num="76" type="stmt" count="0"/>
        <line num="79" type="method" name="update" visibility="public" complexity="1" crap="1" count="1"/>
        <line num="81" type="stmt" count="1"/>
        <line num="83" type="stmt" count="1"/>
        <line num="84" type="stmt" count="1"/>
        <line num="85" type="stmt" count="1"/>
        <line num="86" type="stmt" count="1"/>
        <line num="88" type="stmt" count="1"/>
        <line num="90" type="stmt" count="1"/>
        <line num="91" type="stmt" count="1"/>
        <line num="92" type="stmt" count="1"/>
        <line num="95" type="method" name="occupiedSlotsByDate" visibility="private" complexity="1" crap="2" count="0"/>
        <line num="97" type="stmt" count="0"/>
        <line num="98" type="stmt" count="0"/>
        <line num="99" type="stmt" count="0"/>
        <line num="100" type="stmt" count="0"/>
        <line num="101" type="stmt" count="0"/>
        <line num="102" type="stmt" count="0"/>
        <line num="103" type="stmt" count="0"/>
        <line num="104" type="stmt" count="0"/>
        <line num="105" type="stmt" count="0"/>
        <line num="106" type="stmt" count="0"/>
        <metrics loc="109" ncloc="109" classes="1" methods="5" coveredmethods="2" conditionals="0" coveredconditionals="0" statements="64" coveredstatements="44" elements="69" coveredelements="46"/>
      </file>
      <file name="C:\Users\user\PhpstormProjects\ochumelye-ruchki\app\Http\Controllers\MasterDashboardController.php">
        <class name="App\Http\Controllers\MasterDashboardController" namespace="App\Http\Controllers">
          <metrics complexity="2" methods="2" coveredmethods="1" conditionals="0" coveredconditionals="0" statements="14" coveredstatements="11" elements="16" coveredelements="12"/>
        </class>
        <line num="11" type="method" name="index" visibility="public" complexity="1" crap="1" count="1"/>
        <line num="13" type="stmt" count="1"/>
        <line num="14" type="stmt" count="1"/>
        <line num="15" type="stmt" count="1"/>
        <line num="16" type="stmt" count="1"/>
        <line num="17" type="stmt" count="1"/>
        <line num="18" type="stmt" count="1"/>
        <line num="19" type="stmt" count="1"/>
        <line num="21" type="stmt" count="1"/>
        <line num="22" type="stmt" count="1"/>
        <line num="23" type="stmt" count="1"/>
        <line num="24" type="stmt" count="1"/>
        <line num="27" type="method" name="show" visibility="public" complexity="1" crap="2" count="0"/>
        <line num="29" type="stmt" count="0"/>
        <line num="31" type="stmt" count="0"/>
        <line num="33" type="stmt" count="0"/>
        <metrics loc="36" ncloc="36" classes="1" methods="2" coveredmethods="1" conditionals="0" coveredconditionals="0" statements="14" coveredstatements="11" elements="16" coveredelements="12"/>
      </file>
    </package>
    <package name="App\Http\Middleware">
      <file name="C:\Users\user\PhpstormProjects\ochumelye-ruchki\app\Http\Middleware\EnsureUserIsMaster.php">
        <class name="App\Http\Middleware\EnsureUserIsMaster" namespace="App\Http\Middleware">
          <metrics complexity="2" methods="1" coveredmethods="1" conditionals="0" coveredconditionals="0" statements="5" coveredstatements="5" elements="6" coveredelements="6"/>
        </class>
        <line num="11" type="method" name="handle" visibility="public" complexity="2" crap="2" count="4"/>
        <line num="13" type="stmt" count="4"/>
        <line num="14" type="stmt" count="1"/>
        <line num="15" type="stmt" count="1"/>
        <line num="16" type="stmt" count="1"/>
        <line num="19" type="stmt" count="3"/>
        <metrics loc="22" ncloc="22" classes="1" methods="1" coveredmethods="1" conditionals="0" coveredconditionals="0" statements="5" coveredstatements="5" elements="6" coveredelements="6"/>
      </file>
    </package>
    <package name="App\Models">
      <file name="C:\Users\user\PhpstormProjects\ochumelye-ruchki\app\Models\CreativityType.php">
        <class name="App\Models\CreativityType" namespace="App\Models">
          <metrics complexity="1" methods="1" coveredmethods="1" conditionals="0" coveredconditionals="0" statements="1" coveredstatements="1" elements="2" coveredelements="2"/>
        </class>
        <line num="19" type="method" name="masterClasses" visibility="public" complexity="1" crap="1" count="2"/>
        <line num="21" type="stmt" count="2"/>
        <metrics loc="24" ncloc="21" classes="1" methods="1" coveredmethods="1" conditionals="0" coveredconditionals="0" statements="1" coveredstatements="1" elements="2" coveredelements="2"/>
      </file>
      <file name="C:\Users\user\PhpstormProjects\ochumelye-ruchki\app\Models\Enrollment.php">
        <class name="App\Models\Enrollment" namespace="App\Models">
          <metrics complexity="2" methods="2" coveredmethods="1" conditionals="0" coveredconditionals="0" statements="2" coveredstatements="1" elements="4" coveredelements="2"/>
        </class>
        <line num="18" type="method" name="user" visibility="public" complexity="1" crap="2" count="0"/>
        <line num="20" type="stmt" count="0"/>
        <line num="26" type="method" name="masterClass" visibility="public" complexity="1" crap="1" count="4"/>
        <line num="28" type="stmt" count="4"/>
        <metrics loc="31" ncloc="25" classes="1" methods="2" coveredmethods="1" conditionals="0" coveredconditionals="0" statements="2" coveredstatements="1" elements="4" coveredelements="2"/>
      </file>
      <file name="C:\Users\user\PhpstormProjects\ochumelye-ruchki\app\Models\MasterClass.php">
        <class name="App\Models\MasterClass" namespace="App\Models">
          <metrics complexity="12" methods="10" coveredmethods="7" conditionals="0" coveredconditionals="0" statements="23" coveredstatements="18" elements="33" coveredelements="25"/>
        </class>
        <line num="44" type="method" name="user" visibility="public" complexity="1" crap="2" count="0"/>
        <line num="46" type="stmt" count="0"/>
        <line num="52" type="method" name="teacher" visibility="public" complexity="1" crap="1" count="3"/>
        <line num="54" type="stmt" count="3"/>
        <line num="60" type="method" name="master" visibility="public" complexity="1" crap="2" count="0"/>
        <line num="62" type="stmt" count="0"/>
        <line num="68" type="method" name="creativityType" visibility="public" complexity="1" crap="1" count="2"/>
        <line num="70" type="stmt" count="2"/>
        <line num="76" type="method" name="enrollments" visibility="public" complexity="1" crap="1" count="7"/>
        <line num="78" type="stmt" count="7"/>
        <line num="81" type="method" name="formattedDate" visibility="protected" complexity="1" crap="1" count="3"/>
        <line num="83" type="stmt" count="3"/>
        <line num="84" type="stmt" count="3"/>
        <line num="85" type="stmt" count="3"/>
        <line num="88" type="method" name="formattedTimeSlot" visibility="protected" complexity="1" crap="1" count="4"/>
        <line num="90" type="stmt" count="4"/>
        <line num="91" type="stmt" count="4"/>
        <line num="92" type="stmt" count="4"/>
        <line num="95" type="method" name="seatsLeft" visibility="protected" complexity="1" crap="1" count="2"/>
        <line num="97" type="stmt" count="2"/>
        <line num="98" type="stmt" count="2"/>
        <line num="99" type="stmt" count="2"/>
        <line num="102" type="method" name="isFull" visibility="protected" complexity="1" crap="1" count="2"/>
        <line num="104" type="stmt" count="2"/>
        <line num="105" type="stmt" count="2"/>
        <line num="106" type="stmt" count="2"/>
        <line num="109" type="method" name="calculateSeatsLeft" visibility="private" complexity="3" crap="4.12" count="2"/>
        <line num="111" type="stmt" count="2"/>
        <line num="112" type="stmt" count="2"/>
        <line num="113" type="stmt" count="0"/>
        <line num="114" type="stmt" count="0"/>
        <line num="115" type="stmt" count="0"/>
        <line num="117" type="stmt" count="2"/>
        <metrics loc="120" ncloc="99" classes="1" methods="10" coveredmethods="7" conditionals="0" coveredconditionals="0" statements="23" coveredstatements="18" elements="33" coveredelements="25"/>
      </file>
      <file name="C:\Users\user\PhpstormProjects\ochumelye-ruchki\app\Models\User.php">
        <class name="App\Models\User" namespace="App\Models">
          <metrics complexity="7" methods="7" coveredmethods="6" conditionals="0" coveredconditionals="0" statements="10" coveredstatements="9" elements="17" coveredelements="15"/>
        </class>
        <line num="30" type="method" name="casts" visibility="protected" complexity="1" crap="1" count="17"/>
        <line num="32" type="stmt" count="17"/>
        <line num="33" type="stmt" count="17"/>
        <line num="34" type="stmt" count="17"/>
        <line num="35" type="stmt" count="17"/>
        <line num="41" type="method" name="masterClasses" visibility="public" complexity="1" crap="1" count="1"/>
        <line num="43" type="stmt" count="1"/>
        <line num="49" type="method" name="teachingMasterClasses" visibility="public" complexity="1" crap="2" count="0"/>
        <line num="51" type="stmt" count="0"/>
        <line num="57" type="method" name="enrollments" visibility="public" complexity="1" crap="1" count="5"/>
        <line num="59" type="stmt" count="5"/>
        <line num="62" type="method" name="isTeacher" visibility="public" complexity="1" crap="1" count="9"/>
        <line num="64" type="stmt" count="9"/>
        <line num="67" type="method" name="isVisitor" visibility="public" complexity="1" crap="1" count="8"/>
        <line num="69" type="stmt" count="8"/>
        <line num="72" type="method" name="isMaster" visibility="public" complexity="1" crap="1" count="1"/>
        <line num="74" type="stmt" count="1"/>
        <metrics loc="77" ncloc="67" classes="1" methods="7" coveredmethods="6" conditionals="0" coveredconditionals="0" statements="10" coveredstatements="9" elements="17" coveredelements="15"/>
      </file>
    </package>
    <package name="App\Providers">
      <file name="C:\Users\user\PhpstormProjects\ochumelye-ruchki\app\Providers\AppServiceProvider.php">
        <class name="App\Providers\AppServiceProvider" namespace="App\Providers">
          <metrics complexity="4" methods="2" coveredmethods="1" conditionals="0" coveredconditionals="0" statements="9" coveredstatements="6" elements="11" coveredelements="7"/>
        </class>
        <line num="17" type="method" name="register" visibility="public" complexity="1" crap="1" count="18"/>
        <line num="20" type="stmt" count="18"/>
        <line num="25" type="method" name="boot" visibility="public" complexity="3" crap="3.47" count="18"/>
        <line num="27" type="stmt" count="18"/>
        <line num="29" type="stmt" count="7"/>
        <line num="30" type="stmt" count="7"/>
        <line num="31" type="stmt" count="0"/>
        <line num="32" type="stmt" count="0"/>
        <line num="33" type="stmt" count="0"/>
        <line num="36" type="stmt" count="7"/>
        <line num="37" type="stmt" count="18"/>
        <metrics loc="40" ncloc="33" classes="1" methods="2" coveredmethods="1" conditionals="0" coveredconditionals="0" statements="9" coveredstatements="6" elements="11" coveredelements="7"/>
      </file>
    </package>
    <package name="App\Support">
      <file name="C:\Users\user\PhpstormProjects\ochumelye-ruchki\app\Support\MasterClassSchedule.php">
        <class name="App\Support\MasterClassSchedule" namespace="App\Support">
          <metrics complexity="7" methods="5" coveredmethods="4" conditionals="0" coveredconditionals="0" statements="11" coveredstatements="10" elements="16" coveredelements="14"/>
        </class>
        <line num="16" type="method" name="all" visibility="public" complexity="1" crap="1" count="3"/>
        <line num="18" type="stmt" count="3"/>
        <line num="21" type="method" name="isValid" visibility="public" complexity="2" crap="2" count="1"/>
        <line num="23" type="stmt" count="1"/>
        <line num="26" type="method" name="label" visibility="public" complexity="1" crap="1" count="5"/>
        <line num="28" type="stmt" count="5"/>
        <line num="30" type="stmt" count="5"/>
        <line num="33" type="method" name="normalize" visibility="public" complexity="2" crap="2.15" count="8"/>
        <line num="35" type="stmt" count="8"/>
        <line num="36" type="stmt" count="0"/>
        <line num="39" type="stmt" count="8"/>
        <line num="42" type="method" name="dateOptions" visibility="public" complexity="1" crap="1" count="1"/>
        <line num="44" type="stmt" count="1"/>
        <line num="46" type="stmt" count="1"/>
        <line num="47" type="stmt" count="1"/>
        <line num="48" type="stmt" count="1"/>
        <metrics loc="51" ncloc="51" classes="1" methods="5" coveredmethods="4" conditionals="0" coveredconditionals="0" statements="11" coveredstatements="10" elements="16" coveredelements="14"/>
      </file>
    </package>
    <metrics files="14" loc="814" ncloc="766" classes="13" methods="47" coveredmethods="31" conditionals="0" coveredconditionals="0" statements="285" coveredstatements="232" elements="332" coveredelements="263"/>
  </project>
</coverage>
